{"file":"app.go:45","func":"BookSmart/internal/app.Run()","level":"error","msg":"error pinging database: dial tcp 127.0.0.1:5436: connectex: No connection could be made because the target machine actively refused it.","time":"2024-08-02T10:44:09+03:00"}
{"file":"app.go:45","func":"BookSmart/internal/app.Run()","level":"error","msg":"error pinging database: dial tcp 127.0.0.1:5436: connectex: No connection could be made because the target machine actively refused it.","time":"2024-08-02T10:51:25+03:00"}
{"file":"readerService.go:62","func":"BookSmart/internal/services/implServices.(*ReaderService).SignUp()","level":"info","msg":"starting sign up process","time":"2024-08-02T11:03:41+03:00"}
{"file":"readerRepo.go:46","func":"BookSmart/internal/repositories/implRepo/postgres.(*ReaderRepo).GetByPhoneNumber()","level":"info","msg":"selected reader by phoneNumber: 71233324323","time":"2024-08-02T11:03:41+03:00"}
{"file":"readerRepo.go:50","func":"BookSmart/internal/repositories/implRepo/postgres.(*ReaderRepo).GetByPhoneNumber()","level":"info","msg":"executing query: SELECT id, fio, phone_number, age, password FROM reader WHERE phone_number = $1","time":"2024-08-02T11:03:41+03:00"}
{"file":"readerRepo.go:55","func":"BookSmart/internal/repositories/implRepo/postgres.(*ReaderRepo).GetByPhoneNumber()","level":"error","msg":"error selected reader by phoneNumber: pq: relation \"reader\" does not exist","time":"2024-08-02T11:03:41+03:00"}
{"file":"readerService.go:184","func":"BookSmart/internal/services/implServices.(*ReaderService).baseValidation()","level":"error","msg":"error checking reader existence: pq: relation \"reader\" does not exist","time":"2024-08-02T11:03:41+03:00"}
{"file":"readerService.go:66","func":"BookSmart/internal/services/implServices.(*ReaderService).SignUp()","level":"error","msg":"reader validation failed: pq: relation \"reader\" does not exist","time":"2024-08-02T11:03:41+03:00"}
{"file":"readerService.go:62","func":"BookSmart/internal/services/implServices.(*ReaderService).SignUp()","level":"info","msg":"starting sign up process","time":"2024-08-02T11:09:50+03:00"}
{"file":"readerRepo.go:46","func":"BookSmart/internal/repositories/implRepo/postgres.(*ReaderRepo).GetByPhoneNumber()","level":"info","msg":"selected reader by phoneNumber: 79314022581","time":"2024-08-02T11:09:50+03:00"}
{"file":"readerRepo.go:50","func":"BookSmart/internal/repositories/implRepo/postgres.(*ReaderRepo).GetByPhoneNumber()","level":"info","msg":"executing query: SELECT id, fio, phone_number, age, password FROM bs.reader WHERE phone_number = $1","time":"2024-08-02T11:09:50+03:00"}
{"file":"readerRepo.go:59","func":"BookSmart/internal/repositories/implRepo/postgres.(*ReaderRepo).GetByPhoneNumber()","level":"warning","msg":"no reader found by phoneNumber: 79314022581","time":"2024-08-02T11:09:50+03:00"}
{"file":"readerService.go:229","func":"BookSmart/internal/services/implServices.(*ReaderService).baseValidation()","level":"info","msg":"reader validation successful","time":"2024-08-02T11:09:50+03:00"}
{"file":"readerService.go:70","func":"BookSmart/internal/services/implServices.(*ReaderService).SignUp()","level":"info","msg":"hashing password","time":"2024-08-02T11:09:50+03:00"}
{"file":"readerService.go:80","func":"BookSmart/internal/services/implServices.(*ReaderService).SignUp()","level":"info","msg":"creating reader in repository: \u0026{ID:492f348c-93f1-4dfa-a46b-535642574276 Fio:test fio PhoneNumber:79314022581 Age:56 Password:$2a$10$LBjRIUkM6Xv9CslEvqc84uLLvwb/Wt5UnEVZbnVUoJVov99ZDG8R.}","time":"2024-08-02T11:09:50+03:00"}
{"file":"readerRepo.go:28","func":"BookSmart/internal/repositories/implRepo/postgres.(*ReaderRepo).Create()","level":"info","msg":"inserting reader with ID: 492f348c-93f1-4dfa-a46b-535642574276","time":"2024-08-02T11:09:50+03:00"}
{"file":"readerRepo.go:32","func":"BookSmart/internal/repositories/implRepo/postgres.(*ReaderRepo).Create()","level":"info","msg":"executing query: INSERT INTO bs.reader VALUES ($1, $2, $3, $4, $5)","time":"2024-08-02T11:09:50+03:00"}
{"file":"readerRepo.go:40","func":"BookSmart/internal/repositories/implRepo/postgres.(*ReaderRepo).Create()","level":"info","msg":"reader with ID: 492f348c-93f1-4dfa-a46b-535642574276 inserted successfully","time":"2024-08-02T11:09:50+03:00"}
{"file":"readerService.go:88","func":"BookSmart/internal/services/implServices.(*ReaderService).SignUp()","level":"info","msg":"book creation successful","time":"2024-08-02T11:09:50+03:00"}
{"file":"readerService.go:63","func":"BookSmart/internal/services/implServices.(*ReaderService).SignUp()","level":"info","msg":"starting sign up process","time":"2024-08-02T15:06:05+03:00"}
{"file":"readerRepo.go:46","func":"BookSmart/internal/repositories/implRepo/postgres.(*ReaderRepo).GetByPhoneNumber()","level":"info","msg":"selected reader by phoneNumber: 89314022581","time":"2024-08-02T15:06:05+03:00"}
{"file":"readerRepo.go:50","func":"BookSmart/internal/repositories/implRepo/postgres.(*ReaderRepo).GetByPhoneNumber()","level":"info","msg":"executing query: SELECT id, fio, phone_number, age, password FROM bs.reader WHERE phone_number = $1","time":"2024-08-02T15:06:05+03:00"}
{"file":"readerRepo.go:63","func":"BookSmart/internal/repositories/implRepo/postgres.(*ReaderRepo).GetByPhoneNumber()","level":"info","msg":"successfully selected reader: {2a03b3f0-7f17-4d1e-8b2b-e8da5b7f96ae Лысцев Никита Дмитриевич 89314022581 21 $2a$10$ypCxDngM6Y7anabnvIL85.lwVs5Pruo9rHbhzwSQsauura6haqjeG}","time":"2024-08-02T15:06:05+03:00"}
{"file":"readerService.go:190","func":"BookSmart/internal/services/implServices.(*ReaderService).baseValidation()","level":"warning","msg":"reader with this phoneNumbers already exists","time":"2024-08-02T15:06:05+03:00"}
{"file":"readerService.go:67","func":"BookSmart/internal/services/implServices.(*ReaderService).SignUp()","level":"error","msg":"reader validation failed: [!] readerService error! Reader already exists","time":"2024-08-02T15:06:05+03:00"}
{"file":"readerService.go:63","func":"BookSmart/internal/services/implServices.(*ReaderService).SignUp()","level":"info","msg":"starting sign up process","time":"2024-08-02T15:17:29+03:00"}
{"file":"readerRepo.go:46","func":"BookSmart/internal/repositories/implRepo/postgres.(*ReaderRepo).GetByPhoneNumber()","level":"info","msg":"selected reader by phoneNumber: 89314022581","time":"2024-08-02T15:17:29+03:00"}
{"file":"readerRepo.go:50","func":"BookSmart/internal/repositories/implRepo/postgres.(*ReaderRepo).GetByPhoneNumber()","level":"info","msg":"executing query: SELECT id, fio, phone_number, age, password FROM bs.reader WHERE phone_number = $1","time":"2024-08-02T15:17:29+03:00"}
{"file":"readerRepo.go:63","func":"BookSmart/internal/repositories/implRepo/postgres.(*ReaderRepo).GetByPhoneNumber()","level":"info","msg":"successfully selected reader: {2a03b3f0-7f17-4d1e-8b2b-e8da5b7f96ae Лысцев Никита Дмитриевич 89314022581 21 $2a$10$ypCxDngM6Y7anabnvIL85.lwVs5Pruo9rHbhzwSQsauura6haqjeG}","time":"2024-08-02T15:17:29+03:00"}
{"file":"readerService.go:190","func":"BookSmart/internal/services/implServices.(*ReaderService).baseValidation()","level":"warning","msg":"reader with this phoneNumbers already exists","time":"2024-08-02T15:17:29+03:00"}
{"file":"readerService.go:67","func":"BookSmart/internal/services/implServices.(*ReaderService).SignUp()","level":"error","msg":"reader validation failed: [!] readerService error! Reader already exists","time":"2024-08-02T15:17:29+03:00"}
{"file":"readerHandler.go:93","func":"BookSmart/internal/ui/cliOnRoutes/requests.(*ReaderHandler).Create()","level":"error","msg":"error decoding response: json: cannot unmarshal object into Go value of type string","time":"2024-08-02T15:17:29+03:00"}
{"file":"readerService.go:63","func":"BookSmart/internal/services/implServices.(*ReaderService).SignUp()","level":"info","msg":"starting sign up process","time":"2024-08-02T15:21:00+03:00"}
{"file":"readerRepo.go:46","func":"BookSmart/internal/repositories/implRepo/postgres.(*ReaderRepo).GetByPhoneNumber()","level":"info","msg":"selected reader by phoneNumber: 89314022581","time":"2024-08-02T15:21:00+03:00"}
{"file":"readerRepo.go:50","func":"BookSmart/internal/repositories/implRepo/postgres.(*ReaderRepo).GetByPhoneNumber()","level":"info","msg":"executing query: SELECT id, fio, phone_number, age, password FROM bs.reader WHERE phone_number = $1","time":"2024-08-02T15:21:00+03:00"}
{"file":"readerRepo.go:63","func":"BookSmart/internal/repositories/implRepo/postgres.(*ReaderRepo).GetByPhoneNumber()","level":"info","msg":"successfully selected reader: {2a03b3f0-7f17-4d1e-8b2b-e8da5b7f96ae Лысцев Никита Дмитриевич 89314022581 21 $2a$10$ypCxDngM6Y7anabnvIL85.lwVs5Pruo9rHbhzwSQsauura6haqjeG}","time":"2024-08-02T15:21:00+03:00"}
{"file":"readerService.go:190","func":"BookSmart/internal/services/implServices.(*ReaderService).baseValidation()","level":"warning","msg":"reader with this phoneNumbers already exists","time":"2024-08-02T15:21:00+03:00"}
{"file":"readerService.go:67","func":"BookSmart/internal/services/implServices.(*ReaderService).SignUp()","level":"error","msg":"reader validation failed: [!] readerService error! Reader already exists","time":"2024-08-02T15:21:00+03:00"}
{"file":"readerService.go:63","func":"BookSmart/internal/services/implServices.(*ReaderService).SignUp()","level":"info","msg":"starting sign up process","time":"2024-08-02T15:30:31+03:00"}
{"file":"readerRepo.go:46","func":"BookSmart/internal/repositories/implRepo/postgres.(*ReaderRepo).GetByPhoneNumber()","level":"info","msg":"selected reader by phoneNumber: 89314022581","time":"2024-08-02T15:30:31+03:00"}
{"file":"readerRepo.go:50","func":"BookSmart/internal/repositories/implRepo/postgres.(*ReaderRepo).GetByPhoneNumber()","level":"info","msg":"executing query: SELECT id, fio, phone_number, age, password FROM bs.reader WHERE phone_number = $1","time":"2024-08-02T15:30:31+03:00"}
{"file":"readerRepo.go:63","func":"BookSmart/internal/repositories/implRepo/postgres.(*ReaderRepo).GetByPhoneNumber()","level":"info","msg":"successfully selected reader: {2a03b3f0-7f17-4d1e-8b2b-e8da5b7f96ae Лысцев Никита Дмитриевич 89314022581 21 $2a$10$ypCxDngM6Y7anabnvIL85.lwVs5Pruo9rHbhzwSQsauura6haqjeG}","time":"2024-08-02T15:30:31+03:00"}
{"file":"readerService.go:190","func":"BookSmart/internal/services/implServices.(*ReaderService).baseValidation()","level":"warning","msg":"reader with this phoneNumbers already exists","time":"2024-08-02T15:30:31+03:00"}
{"file":"readerService.go:67","func":"BookSmart/internal/services/implServices.(*ReaderService).SignUp()","level":"error","msg":"reader validation failed: [!] readerService error! Reader already exists","time":"2024-08-02T15:30:31+03:00"}
{"file":"readerService.go:63","func":"BookSmart/internal/services/implServices.(*ReaderService).SignUp()","level":"info","msg":"starting sign up process","time":"2024-08-02T15:36:35+03:00"}
{"file":"readerRepo.go:46","func":"BookSmart/internal/repositories/implRepo/postgres.(*ReaderRepo).GetByPhoneNumber()","level":"info","msg":"selected reader by phoneNumber: 89314022581","time":"2024-08-02T15:36:35+03:00"}
{"file":"readerRepo.go:50","func":"BookSmart/internal/repositories/implRepo/postgres.(*ReaderRepo).GetByPhoneNumber()","level":"info","msg":"executing query: SELECT id, fio, phone_number, age, password FROM bs.reader WHERE phone_number = $1","time":"2024-08-02T15:36:35+03:00"}
{"file":"readerRepo.go:63","func":"BookSmart/internal/repositories/implRepo/postgres.(*ReaderRepo).GetByPhoneNumber()","level":"info","msg":"successfully selected reader: {2a03b3f0-7f17-4d1e-8b2b-e8da5b7f96ae Лысцев Никита Дмитриевич 89314022581 21 $2a$10$ypCxDngM6Y7anabnvIL85.lwVs5Pruo9rHbhzwSQsauura6haqjeG}","time":"2024-08-02T15:36:35+03:00"}
{"file":"readerService.go:190","func":"BookSmart/internal/services/implServices.(*ReaderService).baseValidation()","level":"warning","msg":"reader with this phoneNumbers already exists","time":"2024-08-02T15:36:35+03:00"}
{"file":"readerService.go:67","func":"BookSmart/internal/services/implServices.(*ReaderService).SignUp()","level":"error","msg":"reader validation failed: [!] readerService error! Reader already exists","time":"2024-08-02T15:36:35+03:00"}
{"file":"readerService.go:63","func":"BookSmart/internal/services/implServices.(*ReaderService).SignUp()","level":"info","msg":"starting sign up process","time":"2024-08-02T15:39:52+03:00"}
{"file":"readerRepo.go:46","func":"BookSmart/internal/repositories/implRepo/postgres.(*ReaderRepo).GetByPhoneNumber()","level":"info","msg":"selected reader by phoneNumber: 89314022581","time":"2024-08-02T15:39:52+03:00"}
{"file":"readerRepo.go:50","func":"BookSmart/internal/repositories/implRepo/postgres.(*ReaderRepo).GetByPhoneNumber()","level":"info","msg":"executing query: SELECT id, fio, phone_number, age, password FROM bs.reader WHERE phone_number = $1","time":"2024-08-02T15:39:52+03:00"}
{"file":"readerRepo.go:63","func":"BookSmart/internal/repositories/implRepo/postgres.(*ReaderRepo).GetByPhoneNumber()","level":"info","msg":"successfully selected reader: {2a03b3f0-7f17-4d1e-8b2b-e8da5b7f96ae Лысцев Никита Дмитриевич 89314022581 21 $2a$10$ypCxDngM6Y7anabnvIL85.lwVs5Pruo9rHbhzwSQsauura6haqjeG}","time":"2024-08-02T15:39:52+03:00"}
{"file":"readerService.go:190","func":"BookSmart/internal/services/implServices.(*ReaderService).baseValidation()","level":"warning","msg":"reader with this phoneNumbers already exists","time":"2024-08-02T15:39:52+03:00"}
{"file":"readerService.go:67","func":"BookSmart/internal/services/implServices.(*ReaderService).SignUp()","level":"error","msg":"reader validation failed: [!] readerService error! Reader already exists","time":"2024-08-02T15:39:52+03:00"}
